0 info it worked if it ends with ok
1 verbose cli [ '/usr/local/bin/node', '/usr/local/bin/npm', 'publish' ]
2 info using npm@3.10.9
3 info using node@v7.0.0
4 verbose publish [ '.' ]
5 silly cache add args [ '.', null ]
6 verbose cache add spec .
7 silly cache add parsed spec Result {
7 silly cache add   raw: '.',
7 silly cache add   scope: null,
7 silly cache add   escapedName: null,
7 silly cache add   name: null,
7 silly cache add   rawSpec: '.',
7 silly cache add   spec: '/Users/ozluy/Desktop/guide-menu/react-guider',
7 silly cache add   type: 'directory' }
8 verbose addLocalDirectory /Users/ozluy/.npm/react-guider/0.0.2/package.tgz not in flight; packing
9 verbose correctMkdir /Users/ozluy/.npm correctMkdir not in flight; initializing
10 info lifecycle react-guider@0.0.2~prepublish: react-guider@0.0.2
11 silly lifecycle react-guider@0.0.2~prepublish: no script for prepublish, continuing
12 verbose tar pack [ '/Users/ozluy/.npm/react-guider/0.0.2/package.tgz',
12 verbose tar pack   '/Users/ozluy/Desktop/guide-menu/react-guider' ]
13 verbose tarball /Users/ozluy/.npm/react-guider/0.0.2/package.tgz
14 verbose folder /Users/ozluy/Desktop/guide-menu/react-guider
15 verbose addLocalTarball adding from inside cache /Users/ozluy/.npm/react-guider/0.0.2/package.tgz
16 verbose correctMkdir /Users/ozluy/.npm correctMkdir not in flight; initializing
17 silly cache afterAdd react-guider@0.0.2
18 verbose afterAdd /Users/ozluy/.npm/react-guider/0.0.2/package/package.json not in flight; writing
19 verbose correctMkdir /Users/ozluy/.npm correctMkdir not in flight; initializing
20 verbose afterAdd /Users/ozluy/.npm/react-guider/0.0.2/package/package.json written
21 silly publish { name: 'react-guider',
21 silly publish   private: false,
21 silly publish   version: '0.0.2',
21 silly publish   description: 'React Guide Component for Apps',
21 silly publish   main: 'src/lib/main.js',
21 silly publish   scripts:
21 silly publish    { clean: 'rimraf dist/*',
21 silly publish      copy: 'copyfiles -f ./src/index.html ./src/favicon.ico ./dist',
21 silly publish      dist: 'npm run copy & webpack --env=dist',
21 silly publish      lint: 'eslint ./src',
21 silly publish      posttest: 'npm run lint',
21 silly publish      'release:major': 'npm version major && npm publish && git push --follow-tags',
21 silly publish      'release:minor': 'npm version minor && npm publish && git push --follow-tags',
21 silly publish      'release:patch': 'npm version patch && npm publish && git push --follow-tags',
21 silly publish      serve: 'node server.js --env=dev',
21 silly publish      'serve:dist': 'node server.js --env=dist',
21 silly publish      start: 'node server.js --env=dev',
21 silly publish      test: 'karma start',
21 silly publish      'test:watch': 'karma start --autoWatch=true --singleRun=false' },
21 silly publish   repository:
21 silly publish    { type: 'git',
21 silly publish      url: 'git+https://github.com/ozluy/react-guider.git' },
21 silly publish   keywords: [ 'react', 'guider' ],
21 silly publish   author: { name: 'Yusuf Özlü' },
21 silly publish   devDependencies:
21 silly publish    { 'babel-core': '^6.0.0',
21 silly publish      'babel-eslint': '^6.0.0',
21 silly publish      'babel-loader': '^6.0.0',
21 silly publish      'babel-polyfill': '^6.3.14',
21 silly publish      'babel-preset-es2015': '^6.0.15',
21 silly publish      'babel-preset-react': '^6.0.15',
21 silly publish      'babel-preset-stage-0': '^6.5.0',
21 silly publish      'bower-webpack-plugin': '^0.1.9',
21 silly publish      chai: '^3.2.0',
21 silly publish      copyfiles: '^1.0.0',
21 silly publish      'css-loader': '^0.23.0',
21 silly publish      eslint: '^3.0.0',
21 silly publish      'eslint-loader': '^1.0.0',
21 silly publish      'eslint-plugin-react': '^6.0.0',
21 silly publish      'file-loader': '^0.9.0',
21 silly publish      glob: '^7.0.0',
21 silly publish      'isparta-instrumenter-loader': '^1.0.0',
21 silly publish      karma: '^1.0.0',
21 silly publish      'karma-chai': '^0.1.0',
21 silly publish      'karma-coverage': '^1.0.0',
21 silly publish      'karma-mocha': '^1.0.0',
21 silly publish      'karma-mocha-reporter': '^2.0.0',
21 silly publish      'karma-phantomjs-launcher': '^1.0.0',
21 silly publish      'karma-sourcemap-loader': '^0.3.5',
21 silly publish      'karma-webpack': '^1.7.0',
21 silly publish      minimist: '^1.2.0',
21 silly publish      mocha: '^3.0.0',
21 silly publish      'node-sass': '^4.0.0',
21 silly publish      'null-loader': '^0.1.1',
21 silly publish      open: '0.0.5',
21 silly publish      'phantomjs-prebuilt': '^2.0.0',
21 silly publish      'postcss-loader': '^1.2.0',
21 silly publish      'react-addons-test-utils': '^15.0.0',
21 silly publish      'react-hot-loader': '^1.2.9',
21 silly publish      rimraf: '^2.4.3',
21 silly publish      'sass-loader': '^4.0.2',
21 silly publish      'style-loader': '^0.13.0',
21 silly publish      'url-loader': '^0.5.6',
21 silly publish      webpack: '^1.12.0',
21 silly publish      'webpack-dev-server': '^1.12.0' },
21 silly publish   dependencies:
21 silly publish    { 'core-js': '^2.0.0',
21 silly publish      'normalize.css': '^4.0.0',
21 silly publish      react: '^15.0.0',
21 silly publish      'react-dom': '^15.0.0' },
21 silly publish   readme: '# react-guider\nGuide menu for applications\n\n#### demo\n<a href="http://ozluy.github.io/projects/react-guider/"> DEMO LINK </a>\n\n#### useage\n\n```jsx\nimport React from \'react\';\nimport ReactDOM from \'react-dom\';\nimport { ReactGuider, ReactGuiderItem } from \'./main\';\n\n// // Render the main component into the dom\n\nclass App extends React.Component {\n\n    constructor(props) {\n        super(props);\n        this.state = {\n            isGuideOpen: true,\n            listOfItems: [\n\n                {\n                    top: \'300px\',\n                    left: \'50px\',\n                    buttonLabel: \'next\',\n                    text: \'Lorem ipsum dolor sit amet, consectetur adipisicing elit. Et, unde!\',\n                    onButtonClick: () => {\n                        this.setState({\n                            activeElement: 2\n                        })\n                    }\n                },\n                {\n                    top: \'300px\',\n                    left: \'50%\',\n                    right: \'50%\',\n                    buttonLabel: \'next\',\n                    text: \'Lorem ipsum dolor sit amet, consectetur.\',\n                    onButtonClick: () => {\n                        this.setState({\n                            activeElement: 3\n                        })\n                    }\n                },\n                {\n                    top: \'100px\',\n                    right: \'60px\',\n                    buttonLabel: \'next\',\n                    text: \'Lorem ipsum dolor sit amet, consectetur adipisicing elit. Ipsa, excepturi.\',\n                    contentPositon: {\n                        top: \'-50px\',\n                        right: \'auto\',\n                        bottom: \'auto\',\n                        left: \'-300px\'\n                    },\n                    onButtonClick: () => {\n                        this.setState({\n                            activeElement: 1\n                        })\n                    }\n                },\n                {\n                    top: \'500px\',\n                    right: \'50px\',\n                    buttonLabel: \'finish\',\n                    text: \'Lorem ipsum dolor sit amet, consectetur adipisicing elit. Suscipit, autem.\',\n                    contentPositon: {\n                        top: \'-150px\',\n                        right: \'auto\',\n                        bottom: \'auto\',\n                        left: \'-300px\'\n                    },\n                    onButtonClick: () => {\n                        this.setState({\n                            isGuideOpen: false\n                        })\n                    }\n                }\n            ],\n            activeElement: -1\n        }\n    }\n    _handleOnToggle(_index) {\n        const _container = document.getElementById(\'ReactGuider\');\n        if (_container.className !== \'ReactGuider ReactGuider--Open\') {\n            _container.className = \'ReactGuider ReactGuider--Open\';\n            this.setState({\n                activeElement: _index\n            });\n        }\n        else {\n            _container.className = \'ReactGuider ReactGuider--Open ReactGuider--HasActiveChildren\';\n            this.setState({\n                activeElement: _index\n            });\n        }\n    }\n    render() {\n        const _s = this.state;\n        return (\n            <ReactGuider isOpen={_s.isGuideOpen}>\n                {\n                    _s.listOfItems.map((_item, _index) => {\n                        return (\n                            <ReactGuiderItem\n                                key={\'ReactGuiderItem--\' + _index}\n                                buttonLabel={_item.buttonLabel}\n                                text={_item.text}\n                                top={_item.top}\n                                right={_item.right}\n                                left={_item.left}\n                                isActive={_index === _s.activeElement}\n                                onToggle={() => this._handleOnToggle.bind(this, _index)}\n                                bottom={_item.bottom}\n                                contentPositon={_item.contentPositon}\n                                onButtonClick={_item.onButtonClick}\n                                />\n                        )\n                    })\n                }\n            </ReactGuider>\n        );\n    }\n}\nif (module.hot) {\n    module.hot.accept();\n}\nReactDOM.render(<App />, document.getElementById(\'app\'));\n\n\n```\n',
21 silly publish   readmeFilename: 'README.md',
21 silly publish   gitHead: 'c10a14bc6591d69ced683537362fdbb7b6edab8b',
21 silly publish   bugs: { url: 'https://github.com/ozluy/react-guider/issues' },
21 silly publish   homepage: 'https://github.com/ozluy/react-guider#readme',
21 silly publish   _id: 'react-guider@0.0.2',
21 silly publish   _shasum: 'ab1c88ae0ce2e2ac810470c2072a83ae3b2e1562',
21 silly publish   _from: '.' }
22 verbose getPublishConfig undefined
23 silly mapToRegistry name react-guider
24 silly mapToRegistry using default registry
25 silly mapToRegistry registry https://registry.npmjs.org/
26 silly mapToRegistry data Result {
26 silly mapToRegistry   raw: 'react-guider',
26 silly mapToRegistry   scope: null,
26 silly mapToRegistry   escapedName: 'react-guider',
26 silly mapToRegistry   name: 'react-guider',
26 silly mapToRegistry   rawSpec: '',
26 silly mapToRegistry   spec: 'latest',
26 silly mapToRegistry   type: 'tag' }
27 silly mapToRegistry uri https://registry.npmjs.org/react-guider
28 verbose publish registryBase https://registry.npmjs.org/
29 silly publish uploading /Users/ozluy/.npm/react-guider/0.0.2/package.tgz
30 verbose request uri https://registry.npmjs.org/react-guider
31 verbose request sending authorization for write operation
32 info attempt registry request try #1 at 8:58:49 PM
33 verbose request using bearer token for auth
34 verbose request id 6af6b34732142da1
35 http request PUT https://registry.npmjs.org/react-guider
36 http 403 https://registry.npmjs.org/react-guider
37 verbose headers { 'content-type': 'application/json',
37 verbose headers   'cache-control': 'max-age=300',
37 verbose headers   'content-length': '95',
37 verbose headers   'accept-ranges': 'bytes',
37 verbose headers   date: 'Tue, 13 Dec 2016 18:58:51 GMT',
37 verbose headers   via: '1.1 varnish',
37 verbose headers   connection: 'keep-alive',
37 verbose headers   'x-served-by': 'cache-hhn1535-HHN',
37 verbose headers   'x-cache': 'MISS',
37 verbose headers   'x-cache-hits': '0',
37 verbose headers   'x-timer': 'S1481655530.081191,VS0,VE1053',
37 verbose headers   vary: 'Accept-Encoding' }
38 verbose request invalidating /Users/ozluy/.npm/registry.npmjs.org/react-guider on PUT
39 error publish Failed PUT 403
40 verbose stack Error: "You cannot publish over the previously published version 0.0.2." : react-guider
40 verbose stack     at makeError (/usr/local/lib/node_modules/npm/node_modules/npm-registry-client/lib/request.js:302:12)
40 verbose stack     at CachingRegistryClient.<anonymous> (/usr/local/lib/node_modules/npm/node_modules/npm-registry-client/lib/request.js:290:14)
40 verbose stack     at Request._callback (/usr/local/lib/node_modules/npm/node_modules/npm-registry-client/lib/request.js:210:14)
40 verbose stack     at Request.self.callback (/usr/local/lib/node_modules/npm/node_modules/request/request.js:187:22)
40 verbose stack     at emitTwo (events.js:106:13)
40 verbose stack     at Request.emit (events.js:191:7)
40 verbose stack     at Request.<anonymous> (/usr/local/lib/node_modules/npm/node_modules/request/request.js:1048:10)
40 verbose stack     at emitOne (events.js:96:13)
40 verbose stack     at Request.emit (events.js:188:7)
40 verbose stack     at IncomingMessage.<anonymous> (/usr/local/lib/node_modules/npm/node_modules/request/request.js:969:12)
41 verbose statusCode 403
42 verbose pkgid react-guider
43 verbose cwd /Users/ozluy/Desktop/guide-menu/react-guider
44 error Darwin 16.1.0
45 error argv "/usr/local/bin/node" "/usr/local/bin/npm" "publish"
46 error node v7.0.0
47 error npm  v3.10.9
48 error code E403
49 error "You cannot publish over the previously published version 0.0.2." : react-guider
50 error If you need help, you may report this error at:
50 error     <https://github.com/npm/npm/issues>
51 verbose exit [ 1, true ]
